0 info it worked if it ends with ok
1 verbose cli [ '/Users/josh/.nvm/versions/node/v6.3.1/bin/node',
1 verbose cli   '/Users/josh/.nvm/versions/node/v6.3.1/bin/npm',
1 verbose cli   'i',
1 verbose cli   '-S',
1 verbose cli   're-bulma' ]
2 info using npm@3.10.3
3 info using node@v6.3.1
4 silly loadCurrentTree Starting
5 silly install loadCurrentTree
6 silly install readLocalPackageData
7 silly fetchPackageMetaData re-bulma
8 silly fetchNamedPackageData re-bulma
9 silly mapToRegistry name re-bulma
10 silly mapToRegistry using default registry
11 silly mapToRegistry registry https://registry.npmjs.org/
12 silly mapToRegistry data Result {
12 silly mapToRegistry   raw: 're-bulma',
12 silly mapToRegistry   scope: null,
12 silly mapToRegistry   escapedName: 're-bulma',
12 silly mapToRegistry   name: 're-bulma',
12 silly mapToRegistry   rawSpec: '',
12 silly mapToRegistry   spec: 'latest',
12 silly mapToRegistry   type: 'tag' }
13 silly mapToRegistry uri https://registry.npmjs.org/re-bulma
14 verbose request uri https://registry.npmjs.org/re-bulma
15 verbose request no auth needed
16 info attempt registry request try #1 at 6:42:04 PM
17 verbose request using bearer token for auth
18 verbose request id bbb531a68f7629cc
19 http request GET https://registry.npmjs.org/re-bulma
20 info retry will retry, error on last attempt: Error: getaddrinfo ENOTFOUND registry.npmjs.org registry.npmjs.org:443
21 info attempt registry request try #2 at 6:42:14 PM
22 verbose request using bearer token for auth
23 http request GET https://registry.npmjs.org/re-bulma
24 info retry will retry, error on last attempt: Error: getaddrinfo ENOTFOUND registry.npmjs.org registry.npmjs.org:443
25 info attempt registry request try #3 at 6:43:14 PM
26 verbose request using bearer token for auth
27 http request GET https://registry.npmjs.org/re-bulma
28 silly fetchPackageMetaData Error: getaddrinfo ENOTFOUND registry.npmjs.org registry.npmjs.org:443
28 silly fetchPackageMetaData     at errnoException (dns.js:28:10)
28 silly fetchPackageMetaData     at GetAddrInfoReqWrap.onlookup [as oncomplete] (dns.js:79:26)
28 silly fetchPackageMetaData  error for re-bulma { Error: getaddrinfo ENOTFOUND registry.npmjs.org registry.npmjs.org:443
28 silly fetchPackageMetaData     at errnoException (dns.js:28:10)
28 silly fetchPackageMetaData     at GetAddrInfoReqWrap.onlookup [as oncomplete] (dns.js:79:26)
28 silly fetchPackageMetaData   code: 'ENOTFOUND',
28 silly fetchPackageMetaData   errno: 'ENOTFOUND',
28 silly fetchPackageMetaData   syscall: 'getaddrinfo',
28 silly fetchPackageMetaData   hostname: 'registry.npmjs.org',
28 silly fetchPackageMetaData   host: 'registry.npmjs.org',
28 silly fetchPackageMetaData   port: 443 }
29 silly rollbackFailedOptional Starting
30 silly rollbackFailedOptional Finishing
31 silly runTopLevelLifecycles Starting
32 silly runTopLevelLifecycles Finishing
33 silly install printInstalled
34 verbose stack Error: getaddrinfo ENOTFOUND registry.npmjs.org registry.npmjs.org:443
34 verbose stack     at errnoException (dns.js:28:10)
34 verbose stack     at GetAddrInfoReqWrap.onlookup [as oncomplete] (dns.js:79:26)
35 verbose cwd /Users/josh/PersonalProjects/Web/swiss-fox
36 error Darwin 15.6.0
37 error argv "/Users/josh/.nvm/versions/node/v6.3.1/bin/node" "/Users/josh/.nvm/versions/node/v6.3.1/bin/npm" "i" "-S" "re-bulma"
38 error node v6.3.1
39 error npm  v3.10.3
40 error code ENOTFOUND
41 error errno ENOTFOUND
42 error syscall getaddrinfo
43 error network getaddrinfo ENOTFOUND registry.npmjs.org registry.npmjs.org:443
44 error network This is most likely not a problem with npm itself
44 error network and is related to network connectivity.
44 error network In most cases you are behind a proxy or have bad network settings.
44 error network
44 error network If you are behind a proxy, please make sure that the
44 error network 'proxy' config is set properly.  See: 'npm help config'
45 verbose exit [ 1, true ]
